<?xml version="1.0" encoding="UTF-8"?>
<testsuite name="com.github.francoisdorval.asteroidapi.unit.NasaDaoMockTest" tests="2" skipped="0" failures="0" errors="0" timestamp="2021-04-25T13:54:34" hostname="DESKTOP-T142PHF" time="0.142">
  <properties/>
  <testcase name="test_Dao_Returns_Correct_Number_Of_Objects()" classname="com.github.francoisdorval.asteroidapi.unit.NasaDaoMockTest" time="0.133"/>
  <testcase name="test_Dao_Returns_Correct_Object()" classname="com.github.francoisdorval.asteroidapi.unit.NasaDaoMockTest" time="0.008"/>
  <system-out><![CDATA[2021-04-25 15:54:33.212  INFO 1536 --- [    Test worker] .b.t.c.SpringBootTestContextBootstrapper : Neither @ContextConfiguration nor @ContextHierarchy found for test class [com.github.francoisdorval.asteroidapi.unit.NasaDaoMockTest], using SpringBootContextLoader
2021-04-25 15:54:33.213  INFO 1536 --- [    Test worker] o.s.t.c.support.AbstractContextLoader    : Could not detect default resource locations for test class [com.github.francoisdorval.asteroidapi.unit.NasaDaoMockTest]: no resource found for suffixes {-context.xml, Context.groovy}.
2021-04-25 15:54:33.213  INFO 1536 --- [    Test worker] t.c.s.AnnotationConfigContextLoaderUtils : Could not detect default configuration classes for test class [com.github.francoisdorval.asteroidapi.unit.NasaDaoMockTest]: NasaDaoMockTest does not declare any static, non-private, non-final, nested classes annotated with @Configuration.
2021-04-25 15:54:33.222  INFO 1536 --- [    Test worker] .b.t.c.SpringBootTestContextBootstrapper : Found @SpringBootConfiguration com.github.francoisdorval.asteroidapi.AsteroidApiApplication for test class com.github.francoisdorval.asteroidapi.unit.NasaDaoMockTest
2021-04-25 15:54:33.224  INFO 1536 --- [    Test worker] .b.t.c.SpringBootTestContextBootstrapper : Loaded default TestExecutionListener class names from location [META-INF/spring.factories]: [org.springframework.boot.test.autoconfigure.restdocs.RestDocsTestExecutionListener, org.springframework.boot.test.autoconfigure.web.client.MockRestServiceServerResetTestExecutionListener, org.springframework.boot.test.autoconfigure.web.servlet.MockMvcPrintOnlyOnFailureTestExecutionListener, org.springframework.boot.test.autoconfigure.web.servlet.WebDriverTestExecutionListener, org.springframework.boot.test.autoconfigure.webservices.client.MockWebServiceServerTestExecutionListener, org.springframework.boot.test.mock.mockito.MockitoTestExecutionListener, org.springframework.boot.test.mock.mockito.ResetMocksTestExecutionListener, org.springframework.test.context.web.ServletTestExecutionListener, org.springframework.test.context.support.DirtiesContextBeforeModesTestExecutionListener, org.springframework.test.context.event.ApplicationEventsTestExecutionListener, org.springframework.test.context.support.DependencyInjectionTestExecutionListener, org.springframework.test.context.support.DirtiesContextTestExecutionListener, org.springframework.test.context.transaction.TransactionalTestExecutionListener, org.springframework.test.context.jdbc.SqlScriptsTestExecutionListener, org.springframework.test.context.event.EventPublishingTestExecutionListener]
2021-04-25 15:54:33.225  INFO 1536 --- [    Test worker] .b.t.c.SpringBootTestContextBootstrapper : Using TestExecutionListeners: [org.springframework.test.context.web.ServletTestExecutionListener@5a25720c, org.springframework.test.context.support.DirtiesContextBeforeModesTestExecutionListener@74bec223, org.springframework.test.context.event.ApplicationEventsTestExecutionListener@368f7b44, org.springframework.boot.test.mock.mockito.MockitoTestExecutionListener@2ee4af89, org.springframework.boot.test.autoconfigure.SpringBootDependencyInjectionTestExecutionListener@5fa00d4b, org.springframework.test.context.support.DirtiesContextTestExecutionListener@5d0d6346, org.springframework.test.context.event.EventPublishingTestExecutionListener@101576f8, org.springframework.boot.test.autoconfigure.restdocs.RestDocsTestExecutionListener@1b861b94, org.springframework.boot.test.autoconfigure.web.client.MockRestServiceServerResetTestExecutionListener@449397fa, org.springframework.boot.test.autoconfigure.web.servlet.MockMvcPrintOnlyOnFailureTestExecutionListener@7232db7d, org.springframework.boot.test.autoconfigure.web.servlet.WebDriverTestExecutionListener@49abd175, org.springframework.boot.test.autoconfigure.webservices.client.MockWebServiceServerTestExecutionListener@625a296f, org.springframework.boot.test.mock.mockito.ResetMocksTestExecutionListener@3aae4e99]

  .   ____          _            __ _ _
 /\\ / ___'_ __ _ _(_)_ __  __ _ \ \ \ \
( ( )\___ | '_ | '_| | '_ \/ _` | \ \ \ \
 \\/  ___)| |_)| | | | | || (_| |  ) ) ) )
  '  |____| .__|_| |_|_| |_\__, | / / / /
 =========|_|==============|___/=/_/_/_/
 :: Spring Boot ::                (v2.4.2)

2021-04-25 15:54:33.243  INFO 1536 --- [    Test worker] c.g.f.asteroidapi.unit.NasaDaoMockTest   : Starting NasaDaoMockTest using Java 9.0.4 on DESKTOP-T142PHF with PID 1536 (started by yanuka in C:\Users\yanuka\Desktop\pex1\asteroid-api)
2021-04-25 15:54:33.244  INFO 1536 --- [    Test worker] c.g.f.asteroidapi.unit.NasaDaoMockTest   : No active profile set, falling back to default profiles: default
2021-04-25 15:54:33.933  INFO 1536 --- [    Test worker] o.s.s.concurrent.ThreadPoolTaskExecutor  : Initializing ExecutorService 'applicationTaskExecutor'
2021-04-25 15:54:33.964  INFO 1536 --- [    Test worker] o.s.b.a.w.s.WelcomePageHandlerMapping    : Adding welcome page: class path resource [static/index.html]
2021-04-25 15:54:34.386  INFO 1536 --- [    Test worker] c.g.f.asteroidapi.unit.NasaDaoMockTest   : Started NasaDaoMockTest in 1.158 seconds (JVM running for 9.075)
]]></system-out>
  <system-err><![CDATA[]]></system-err>
</testsuite>
