<?xml version="1.0" encoding="UTF-8"?>
<testsuite name="com.github.francoisdorval.asteroidapi.AsteroidApiApplicationTests" tests="1" skipped="0" failures="0" errors="0" timestamp="2021-04-25T13:54:33" hostname="DESKTOP-T142PHF" time="0.004">
  <properties/>
  <testcase name="contextLoads()" classname="com.github.francoisdorval.asteroidapi.AsteroidApiApplicationTests" time="0.004"/>
  <system-out><![CDATA[2021-04-25 15:54:32.220  INFO 1536 --- [    Test worker] .b.t.c.SpringBootTestContextBootstrapper : Neither @ContextConfiguration nor @ContextHierarchy found for test class [com.github.francoisdorval.asteroidapi.AsteroidApiApplicationTests], using SpringBootContextLoader
2021-04-25 15:54:32.222  INFO 1536 --- [    Test worker] o.s.t.c.support.AbstractContextLoader    : Could not detect default resource locations for test class [com.github.francoisdorval.asteroidapi.AsteroidApiApplicationTests]: no resource found for suffixes {-context.xml, Context.groovy}.
2021-04-25 15:54:32.222  INFO 1536 --- [    Test worker] t.c.s.AnnotationConfigContextLoaderUtils : Could not detect default configuration classes for test class [com.github.francoisdorval.asteroidapi.AsteroidApiApplicationTests]: AsteroidApiApplicationTests does not declare any static, non-private, non-final, nested classes annotated with @Configuration.
2021-04-25 15:54:32.228  INFO 1536 --- [    Test worker] .b.t.c.SpringBootTestContextBootstrapper : Found @SpringBootConfiguration com.github.francoisdorval.asteroidapi.AsteroidApiApplication for test class com.github.francoisdorval.asteroidapi.AsteroidApiApplicationTests
2021-04-25 15:54:32.230  INFO 1536 --- [    Test worker] .b.t.c.SpringBootTestContextBootstrapper : Loaded default TestExecutionListener class names from location [META-INF/spring.factories]: [org.springframework.boot.test.autoconfigure.restdocs.RestDocsTestExecutionListener, org.springframework.boot.test.autoconfigure.web.client.MockRestServiceServerResetTestExecutionListener, org.springframework.boot.test.autoconfigure.web.servlet.MockMvcPrintOnlyOnFailureTestExecutionListener, org.springframework.boot.test.autoconfigure.web.servlet.WebDriverTestExecutionListener, org.springframework.boot.test.autoconfigure.webservices.client.MockWebServiceServerTestExecutionListener, org.springframework.boot.test.mock.mockito.MockitoTestExecutionListener, org.springframework.boot.test.mock.mockito.ResetMocksTestExecutionListener, org.springframework.test.context.web.ServletTestExecutionListener, org.springframework.test.context.support.DirtiesContextBeforeModesTestExecutionListener, org.springframework.test.context.event.ApplicationEventsTestExecutionListener, org.springframework.test.context.support.DependencyInjectionTestExecutionListener, org.springframework.test.context.support.DirtiesContextTestExecutionListener, org.springframework.test.context.transaction.TransactionalTestExecutionListener, org.springframework.test.context.jdbc.SqlScriptsTestExecutionListener, org.springframework.test.context.event.EventPublishingTestExecutionListener]
2021-04-25 15:54:32.231  INFO 1536 --- [    Test worker] .b.t.c.SpringBootTestContextBootstrapper : Using TestExecutionListeners: [org.springframework.test.context.web.ServletTestExecutionListener@60731a1c, org.springframework.test.context.support.DirtiesContextBeforeModesTestExecutionListener@6538a078, org.springframework.test.context.event.ApplicationEventsTestExecutionListener@4d3ff5b4, org.springframework.boot.test.mock.mockito.MockitoTestExecutionListener@13860be4, org.springframework.boot.test.autoconfigure.SpringBootDependencyInjectionTestExecutionListener@6b5d4072, org.springframework.test.context.support.DirtiesContextTestExecutionListener@4b460601, org.springframework.test.context.event.EventPublishingTestExecutionListener@79e6d888, org.springframework.boot.test.autoconfigure.restdocs.RestDocsTestExecutionListener@5a9c357b, org.springframework.boot.test.autoconfigure.web.client.MockRestServiceServerResetTestExecutionListener@5bc3b08a, org.springframework.boot.test.autoconfigure.web.servlet.MockMvcPrintOnlyOnFailureTestExecutionListener@204ec3fd, org.springframework.boot.test.autoconfigure.web.servlet.WebDriverTestExecutionListener@6fa36de4, org.springframework.boot.test.autoconfigure.webservices.client.MockWebServiceServerTestExecutionListener@542fba86, org.springframework.boot.test.mock.mockito.ResetMocksTestExecutionListener@122e0769]

  .   ____          _            __ _ _
 /\\ / ___'_ __ _ _(_)_ __  __ _ \ \ \ \
( ( )\___ | '_ | '_| | '_ \/ _` | \ \ \ \
 \\/  ___)| |_)| | | | | || (_| |  ) ) ) )
  '  |____| .__|_| |_|_| |_\__, | / / / /
 =========|_|==============|___/=/_/_/_/
 :: Spring Boot ::                (v2.4.2)

2021-04-25 15:54:32.261  INFO 1536 --- [    Test worker] c.g.f.a.AsteroidApiApplicationTests      : Starting AsteroidApiApplicationTests using Java 9.0.4 on DESKTOP-T142PHF with PID 1536 (started by yanuka in C:\Users\yanuka\Desktop\pex1\asteroid-api)
2021-04-25 15:54:32.262  INFO 1536 --- [    Test worker] c.g.f.a.AsteroidApiApplicationTests      : No active profile set, falling back to default profiles: default
2021-04-25 15:54:32.650  INFO 1536 --- [    Test worker] o.s.s.concurrent.ThreadPoolTaskExecutor  : Initializing ExecutorService 'applicationTaskExecutor'
2021-04-25 15:54:32.684  INFO 1536 --- [    Test worker] o.s.b.a.w.s.WelcomePageHandlerMapping    : Adding welcome page: class path resource [static/index.html]
2021-04-25 15:54:33.185  INFO 1536 --- [    Test worker] c.g.f.a.AsteroidApiApplicationTests      : Started AsteroidApiApplicationTests in 0.946 seconds (JVM running for 7.875)
]]></system-out>
  <system-err><![CDATA[]]></system-err>
</testsuite>
