<?xml version="1.0" encoding="UTF-8"?>
<testsuite name="com.github.francoisdorval.asteroidapi.component.ComponentTest" tests="1" skipped="0" failures="0" errors="0" timestamp="2021-02-22T10:43:15" hostname="MAKI" time="0.661">
  <properties/>
  <testcase name="test_Get_Asteroids()" classname="com.github.francoisdorval.asteroidapi.component.ComponentTest" time="0.661"/>
  <system-out><![CDATA[11:43:11.440 [Test worker] DEBUG org.springframework.test.context.BootstrapUtils - Instantiating CacheAwareContextLoaderDelegate from class [org.springframework.test.context.cache.DefaultCacheAwareContextLoaderDelegate]
11:43:11.465 [Test worker] DEBUG org.springframework.test.context.BootstrapUtils - Instantiating BootstrapContext using constructor [public org.springframework.test.context.support.DefaultBootstrapContext(java.lang.Class,org.springframework.test.context.CacheAwareContextLoaderDelegate)]
11:43:11.518 [Test worker] DEBUG org.springframework.test.context.BootstrapUtils - Instantiating TestContextBootstrapper for test class [com.github.francoisdorval.asteroidapi.component.ComponentTest] from class [org.springframework.boot.test.context.SpringBootTestContextBootstrapper]
11:43:11.533 [Test worker] INFO org.springframework.boot.test.context.SpringBootTestContextBootstrapper - Neither @ContextConfiguration nor @ContextHierarchy found for test class [com.github.francoisdorval.asteroidapi.component.ComponentTest], using SpringBootContextLoader
11:43:11.540 [Test worker] DEBUG org.springframework.test.context.support.AbstractContextLoader - Did not detect default resource location for test class [com.github.francoisdorval.asteroidapi.component.ComponentTest]: class path resource [com/github/francoisdorval/asteroidapi/component/ComponentTest-context.xml] does not exist
11:43:11.541 [Test worker] DEBUG org.springframework.test.context.support.AbstractContextLoader - Did not detect default resource location for test class [com.github.francoisdorval.asteroidapi.component.ComponentTest]: class path resource [com/github/francoisdorval/asteroidapi/component/ComponentTestContext.groovy] does not exist
11:43:11.541 [Test worker] INFO org.springframework.test.context.support.AbstractContextLoader - Could not detect default resource locations for test class [com.github.francoisdorval.asteroidapi.component.ComponentTest]: no resource found for suffixes {-context.xml, Context.groovy}.
11:43:11.542 [Test worker] INFO org.springframework.test.context.support.AnnotationConfigContextLoaderUtils - Could not detect default configuration classes for test class [com.github.francoisdorval.asteroidapi.component.ComponentTest]: ComponentTest does not declare any static, non-private, non-final, nested classes annotated with @Configuration.
11:43:11.694 [Test worker] DEBUG org.springframework.context.annotation.ClassPathScanningCandidateComponentProvider - Identified candidate component class: file [E:\Cours\Integration_Continue\asteroid-api\build\classes\java\main\com\github\francoisdorval\asteroidapi\AsteroidApiApplication.class]
11:43:11.696 [Test worker] INFO org.springframework.boot.test.context.SpringBootTestContextBootstrapper - Found @SpringBootConfiguration com.github.francoisdorval.asteroidapi.AsteroidApiApplication for test class com.github.francoisdorval.asteroidapi.component.ComponentTest
11:43:11.856 [Test worker] DEBUG org.springframework.boot.test.context.SpringBootTestContextBootstrapper - @TestExecutionListeners is not present for class [com.github.francoisdorval.asteroidapi.component.ComponentTest]: using defaults.
11:43:11.857 [Test worker] INFO org.springframework.boot.test.context.SpringBootTestContextBootstrapper - Loaded default TestExecutionListener class names from location [META-INF/spring.factories]: [org.springframework.boot.test.autoconfigure.restdocs.RestDocsTestExecutionListener, org.springframework.boot.test.autoconfigure.web.client.MockRestServiceServerResetTestExecutionListener, org.springframework.boot.test.autoconfigure.web.servlet.MockMvcPrintOnlyOnFailureTestExecutionListener, org.springframework.boot.test.autoconfigure.web.servlet.WebDriverTestExecutionListener, org.springframework.boot.test.autoconfigure.webservices.client.MockWebServiceServerTestExecutionListener, org.springframework.boot.test.mock.mockito.MockitoTestExecutionListener, org.springframework.boot.test.mock.mockito.ResetMocksTestExecutionListener, org.springframework.test.context.web.ServletTestExecutionListener, org.springframework.test.context.support.DirtiesContextBeforeModesTestExecutionListener, org.springframework.test.context.event.ApplicationEventsTestExecutionListener, org.springframework.test.context.support.DependencyInjectionTestExecutionListener, org.springframework.test.context.support.DirtiesContextTestExecutionListener, org.springframework.test.context.transaction.TransactionalTestExecutionListener, org.springframework.test.context.jdbc.SqlScriptsTestExecutionListener, org.springframework.test.context.event.EventPublishingTestExecutionListener]
11:43:11.884 [Test worker] DEBUG org.springframework.boot.test.context.SpringBootTestContextBootstrapper - Skipping candidate TestExecutionListener [org.springframework.test.context.transaction.TransactionalTestExecutionListener] due to a missing dependency. Specify custom listener classes or make the default listener classes and their required dependencies available. Offending class: [org/springframework/transaction/interceptor/TransactionAttributeSource]
11:43:11.885 [Test worker] DEBUG org.springframework.boot.test.context.SpringBootTestContextBootstrapper - Skipping candidate TestExecutionListener [org.springframework.test.context.jdbc.SqlScriptsTestExecutionListener] due to a missing dependency. Specify custom listener classes or make the default listener classes and their required dependencies available. Offending class: [org/springframework/transaction/interceptor/TransactionAttribute]
11:43:11.885 [Test worker] INFO org.springframework.boot.test.context.SpringBootTestContextBootstrapper - Using TestExecutionListeners: [org.springframework.test.context.web.ServletTestExecutionListener@102537b7, org.springframework.test.context.support.DirtiesContextBeforeModesTestExecutionListener@2bbdc951, org.springframework.test.context.event.ApplicationEventsTestExecutionListener@1d05d983, org.springframework.boot.test.mock.mockito.MockitoTestExecutionListener@31235ec0, org.springframework.boot.test.autoconfigure.SpringBootDependencyInjectionTestExecutionListener@8025fdc, org.springframework.test.context.support.DirtiesContextTestExecutionListener@4d30e8cc, org.springframework.test.context.event.EventPublishingTestExecutionListener@7e4af928, org.springframework.boot.test.autoconfigure.restdocs.RestDocsTestExecutionListener@55347d7f, org.springframework.boot.test.autoconfigure.web.client.MockRestServiceServerResetTestExecutionListener@4fd224ba, org.springframework.boot.test.autoconfigure.web.servlet.MockMvcPrintOnlyOnFailureTestExecutionListener@5eec304, org.springframework.boot.test.autoconfigure.web.servlet.WebDriverTestExecutionListener@2c44e928, org.springframework.boot.test.autoconfigure.webservices.client.MockWebServiceServerTestExecutionListener@5aeda65a, org.springframework.boot.test.mock.mockito.ResetMocksTestExecutionListener@444be49]
11:43:11.891 [Test worker] DEBUG org.springframework.test.context.support.AbstractDirtiesContextTestExecutionListener - Before test class: context [DefaultTestContext@62df8467 testClass = ComponentTest, testInstance = [null], testMethod = [null], testException = [null], mergedContextConfiguration = [WebMergedContextConfiguration@46571a67 testClass = ComponentTest, locations = '{}', classes = '{class com.github.francoisdorval.asteroidapi.AsteroidApiApplication}', contextInitializerClasses = '[]', activeProfiles = '{mock}', propertySourceLocations = '{}', propertySourceProperties = '{org.springframework.boot.test.context.SpringBootTestContextBootstrapper=true, server.port=0}', contextCustomizers = set[org.springframework.boot.test.autoconfigure.actuate.metrics.MetricsExportContextCustomizerFactory$DisableMetricExportContextCustomizer@32ef9c54, org.springframework.boot.test.autoconfigure.properties.PropertyMappingContextCustomizer@0, org.springframework.boot.test.autoconfigure.web.servlet.WebDriverContextCustomizerFactory$Customizer@6a50cf38, org.springframework.boot.test.context.filter.ExcludeFilterContextCustomizer@9a11116, org.springframework.boot.test.json.DuplicateJsonObjectContextCustomizerFactory$DuplicateJsonObjectContextCustomizer@2f430816, org.springframework.boot.test.mock.mockito.MockitoContextCustomizer@0, org.springframework.boot.test.web.client.TestRestTemplateContextCustomizer@55352d79, org.springframework.boot.test.context.SpringBootTestArgs@1, org.springframework.boot.test.context.SpringBootTestWebEnvironment@16df44d3], resourceBasePath = 'src/main/webapp', contextLoader = 'org.springframework.boot.test.context.SpringBootContextLoader', parent = [null]], attributes = map['org.springframework.test.context.web.ServletTestExecutionListener.activateListener' -> false]], class annotated with @DirtiesContext [false] with mode [null].
11:43:11.921 [Test worker] DEBUG org.springframework.test.context.support.DependencyInjectionTestExecutionListener - Performing dependency injection for test context [[DefaultTestContext@62df8467 testClass = ComponentTest, testInstance = com.github.francoisdorval.asteroidapi.component.ComponentTest@579e5c9, testMethod = [null], testException = [null], mergedContextConfiguration = [WebMergedContextConfiguration@46571a67 testClass = ComponentTest, locations = '{}', classes = '{class com.github.francoisdorval.asteroidapi.AsteroidApiApplication}', contextInitializerClasses = '[]', activeProfiles = '{mock}', propertySourceLocations = '{}', propertySourceProperties = '{org.springframework.boot.test.context.SpringBootTestContextBootstrapper=true, server.port=0}', contextCustomizers = set[org.springframework.boot.test.autoconfigure.actuate.metrics.MetricsExportContextCustomizerFactory$DisableMetricExportContextCustomizer@32ef9c54, org.springframework.boot.test.autoconfigure.properties.PropertyMappingContextCustomizer@0, org.springframework.boot.test.autoconfigure.web.servlet.WebDriverContextCustomizerFactory$Customizer@6a50cf38, org.springframework.boot.test.context.filter.ExcludeFilterContextCustomizer@9a11116, org.springframework.boot.test.json.DuplicateJsonObjectContextCustomizerFactory$DuplicateJsonObjectContextCustomizer@2f430816, org.springframework.boot.test.mock.mockito.MockitoContextCustomizer@0, org.springframework.boot.test.web.client.TestRestTemplateContextCustomizer@55352d79, org.springframework.boot.test.context.SpringBootTestArgs@1, org.springframework.boot.test.context.SpringBootTestWebEnvironment@16df44d3], resourceBasePath = 'src/main/webapp', contextLoader = 'org.springframework.boot.test.context.SpringBootContextLoader', parent = [null]], attributes = map['org.springframework.test.context.web.ServletTestExecutionListener.activateListener' -> false, 'org.springframework.test.context.event.ApplicationEventsTestExecutionListener.recordApplicationEvents' -> false]]].
11:43:11.962 [Test worker] DEBUG org.springframework.core.env.StandardEnvironment - Activating profiles [mock]
11:43:11.968 [Test worker] DEBUG org.springframework.test.context.support.TestPropertySourceUtils - Adding inlined properties to environment: {spring.jmx.enabled=false, org.springframework.boot.test.context.SpringBootTestContextBootstrapper=true, server.port=0}

  .   ____          _            __ _ _
 /\\ / ___'_ __ _ _(_)_ __  __ _ \ \ \ \
( ( )\___ | '_ | '_| | '_ \/ _` | \ \ \ \
 \\/  ___)| |_)| | | | | || (_| |  ) ) ) )
  '  |____| .__|_| |_|_| |_\__, | / / / /
 =========|_|==============|___/=/_/_/_/
 :: Spring Boot ::                (v2.4.2)

2021-02-22 11:43:12.345  INFO 25596 --- [    Test worker] c.g.f.a.component.ComponentTest          : Starting ComponentTest using Java 14.0.2 on Maki with PID 25596 (started by Admin in E:\Cours\Integration_Continue\asteroid-api)
2021-02-22 11:43:12.347  INFO 25596 --- [    Test worker] c.g.f.a.component.ComponentTest          : The following profiles are active: mock
2021-02-22 11:43:13.702  INFO 25596 --- [    Test worker] o.s.b.w.embedded.tomcat.TomcatWebServer  : Tomcat initialized with port(s): 0 (http)
2021-02-22 11:43:13.716  INFO 25596 --- [    Test worker] o.apache.catalina.core.StandardService   : Starting service [Tomcat]
2021-02-22 11:43:13.716  INFO 25596 --- [    Test worker] org.apache.catalina.core.StandardEngine  : Starting Servlet engine: [Apache Tomcat/9.0.41]
2021-02-22 11:43:13.813  INFO 25596 --- [    Test worker] o.a.c.c.C.[Tomcat].[localhost].[/]       : Initializing Spring embedded WebApplicationContext
2021-02-22 11:43:13.813  INFO 25596 --- [    Test worker] w.s.c.ServletWebServerApplicationContext : Root WebApplicationContext: initialization completed in 1180 ms
2021-02-22 11:43:14.177  INFO 25596 --- [    Test worker] o.s.s.concurrent.ThreadPoolTaskExecutor  : Initializing ExecutorService 'applicationTaskExecutor'
2021-02-22 11:43:14.344  INFO 25596 --- [    Test worker] o.s.b.a.w.s.WelcomePageHandlerMapping    : Adding welcome page: class path resource [static/index.html]
2021-02-22 11:43:15.229  INFO 25596 --- [    Test worker] o.s.b.w.embedded.tomcat.TomcatWebServer  : Tomcat started on port(s): 56944 (http) with context path ''
2021-02-22 11:43:15.238  INFO 25596 --- [    Test worker] c.g.f.a.component.ComponentTest          : Started ComponentTest in 3.265 seconds (JVM running for 4.74)
2021-02-22 11:43:15.742  INFO 25596 --- [o-auto-1-exec-1] o.a.c.c.C.[Tomcat].[localhost].[/]       : Initializing Spring DispatcherServlet 'dispatcherServlet'
2021-02-22 11:43:15.743  INFO 25596 --- [o-auto-1-exec-1] o.s.web.servlet.DispatcherServlet        : Initializing Servlet 'dispatcherServlet'
2021-02-22 11:43:15.744  INFO 25596 --- [o-auto-1-exec-1] o.s.web.servlet.DispatcherServlet        : Completed initialization in 1 ms
2021-02-22 11:43:15.849  INFO 25596 --- [    Test worker] c.g.f.a.component.ComponentTest          : result : [{"id":"1","name":"Asteromachin","distanceKilometers":100000.2225},{"id":"2","name":"Asterotruc","distanceKilometers":1234.01},{"id":"3","name":"Ê»Oumuamua","distanceKilometers":4946111.01}]
]]></system-out>
  <system-err><![CDATA[]]></system-err>
</testsuite>
