<?xml version="1.0" encoding="UTF-8"?>
<testsuite name="com.github.francoisdorval.asteroidapi.unit.NasaDaoMockTest" tests="2" skipped="0" failures="0" errors="0" timestamp="2021-02-25T18:01:08" hostname="MSI" time="0.159">
  <properties/>
  <testcase name="test_Dao_Returns_Correct_Number_Of_Objects()" classname="com.github.francoisdorval.asteroidapi.unit.NasaDaoMockTest" time="0.149"/>
  <testcase name="test_Dao_Returns_Correct_Object()" classname="com.github.francoisdorval.asteroidapi.unit.NasaDaoMockTest" time="0.008"/>
  <system-out><![CDATA[2021-02-25 19:01:07.047  INFO 11296 --- [    Test worker] .b.t.c.SpringBootTestContextBootstrapper : Neither @ContextConfiguration nor @ContextHierarchy found for test class [com.github.francoisdorval.asteroidapi.unit.NasaDaoMockTest], using SpringBootContextLoader
2021-02-25 19:01:07.048  INFO 11296 --- [    Test worker] o.s.t.c.support.AbstractContextLoader    : Could not detect default resource locations for test class [com.github.francoisdorval.asteroidapi.unit.NasaDaoMockTest]: no resource found for suffixes {-context.xml, Context.groovy}.
2021-02-25 19:01:07.049  INFO 11296 --- [    Test worker] t.c.s.AnnotationConfigContextLoaderUtils : Could not detect default configuration classes for test class [com.github.francoisdorval.asteroidapi.unit.NasaDaoMockTest]: NasaDaoMockTest does not declare any static, non-private, non-final, nested classes annotated with @Configuration.
2021-02-25 19:01:07.056  INFO 11296 --- [    Test worker] .b.t.c.SpringBootTestContextBootstrapper : Found @SpringBootConfiguration com.github.francoisdorval.asteroidapi.AsteroidApiApplication for test class com.github.francoisdorval.asteroidapi.unit.NasaDaoMockTest
2021-02-25 19:01:07.068  INFO 11296 --- [    Test worker] .b.t.c.SpringBootTestContextBootstrapper : Loaded default TestExecutionListener class names from location [META-INF/spring.factories]: [org.springframework.boot.test.autoconfigure.restdocs.RestDocsTestExecutionListener, org.springframework.boot.test.autoconfigure.web.client.MockRestServiceServerResetTestExecutionListener, org.springframework.boot.test.autoconfigure.web.servlet.MockMvcPrintOnlyOnFailureTestExecutionListener, org.springframework.boot.test.autoconfigure.web.servlet.WebDriverTestExecutionListener, org.springframework.boot.test.autoconfigure.webservices.client.MockWebServiceServerTestExecutionListener, org.springframework.boot.test.mock.mockito.MockitoTestExecutionListener, org.springframework.boot.test.mock.mockito.ResetMocksTestExecutionListener, org.springframework.test.context.web.ServletTestExecutionListener, org.springframework.test.context.support.DirtiesContextBeforeModesTestExecutionListener, org.springframework.test.context.event.ApplicationEventsTestExecutionListener, org.springframework.test.context.support.DependencyInjectionTestExecutionListener, org.springframework.test.context.support.DirtiesContextTestExecutionListener, org.springframework.test.context.transaction.TransactionalTestExecutionListener, org.springframework.test.context.jdbc.SqlScriptsTestExecutionListener, org.springframework.test.context.event.EventPublishingTestExecutionListener]
2021-02-25 19:01:07.070  INFO 11296 --- [    Test worker] .b.t.c.SpringBootTestContextBootstrapper : Using TestExecutionListeners: [org.springframework.test.context.web.ServletTestExecutionListener@2d422b3, org.springframework.test.context.support.DirtiesContextBeforeModesTestExecutionListener@7a678a82, org.springframework.test.context.event.ApplicationEventsTestExecutionListener@5b4f6f84, org.springframework.boot.test.mock.mockito.MockitoTestExecutionListener@5382978a, org.springframework.boot.test.autoconfigure.SpringBootDependencyInjectionTestExecutionListener@70e0f6f3, org.springframework.test.context.support.DirtiesContextTestExecutionListener@361551f7, org.springframework.test.context.event.EventPublishingTestExecutionListener@16063bfe, org.springframework.boot.test.autoconfigure.restdocs.RestDocsTestExecutionListener@51ffd073, org.springframework.boot.test.autoconfigure.web.client.MockRestServiceServerResetTestExecutionListener@26dfe3d1, org.springframework.boot.test.autoconfigure.web.servlet.MockMvcPrintOnlyOnFailureTestExecutionListener@3a599414, org.springframework.boot.test.autoconfigure.web.servlet.WebDriverTestExecutionListener@1d27816a, org.springframework.boot.test.autoconfigure.webservices.client.MockWebServiceServerTestExecutionListener@32f4a6f5, org.springframework.boot.test.mock.mockito.ResetMocksTestExecutionListener@6bec0a11]

  .   ____          _            __ _ _
 /\\ / ___'_ __ _ _(_)_ __  __ _ \ \ \ \
( ( )\___ | '_ | '_| | '_ \/ _` | \ \ \ \
 \\/  ___)| |_)| | | | | || (_| |  ) ) ) )
  '  |____| .__|_| |_|_| |_\__, | / / / /
 =========|_|==============|___/=/_/_/_/
 :: Spring Boot ::                (v2.4.2)

2021-02-25 19:01:07.090  INFO 11296 --- [    Test worker] c.g.f.asteroidapi.unit.NasaDaoMockTest   : Starting NasaDaoMockTest using Java 9.0.1 on MSI with PID 11296 (started by kylli in F:\Documents\CoursM1\Cours\integration_continue\asteroid-api)
2021-02-25 19:01:07.091  INFO 11296 --- [    Test worker] c.g.f.asteroidapi.unit.NasaDaoMockTest   : No active profile set, falling back to default profiles: default
2021-02-25 19:01:07.879  INFO 11296 --- [    Test worker] o.s.s.concurrent.ThreadPoolTaskExecutor  : Initializing ExecutorService 'applicationTaskExecutor'
2021-02-25 19:01:07.911  INFO 11296 --- [    Test worker] o.s.b.a.w.s.WelcomePageHandlerMapping    : Adding welcome page: class path resource [static/index.html]
2021-02-25 19:01:08.438  INFO 11296 --- [    Test worker] c.g.f.asteroidapi.unit.NasaDaoMockTest   : Started NasaDaoMockTest in 1.365 seconds (JVM running for 10.852)
]]></system-out>
  <system-err><![CDATA[]]></system-err>
</testsuite>
