<?xml version="1.0" encoding="UTF-8"?>
<testsuite name="com.github.francoisdorval.asteroidapi.component.ComponentTest" tests="1" skipped="0" failures="0" errors="0" timestamp="2021-02-25T18:01:05" hostname="MSI" time="0.858">
  <properties/>
  <testcase name="test_Get_Asteroids()" classname="com.github.francoisdorval.asteroidapi.component.ComponentTest" time="0.858"/>
  <system-out><![CDATA[19:00:59.431 [Test worker] DEBUG org.springframework.test.context.BootstrapUtils - Instantiating CacheAwareContextLoaderDelegate from class [org.springframework.test.context.cache.DefaultCacheAwareContextLoaderDelegate]
19:00:59.468 [Test worker] DEBUG org.springframework.test.context.BootstrapUtils - Instantiating BootstrapContext using constructor [public org.springframework.test.context.support.DefaultBootstrapContext(java.lang.Class,org.springframework.test.context.CacheAwareContextLoaderDelegate)]
19:00:59.556 [Test worker] DEBUG org.springframework.test.context.BootstrapUtils - Instantiating TestContextBootstrapper for test class [com.github.francoisdorval.asteroidapi.component.ComponentTest] from class [org.springframework.boot.test.context.SpringBootTestContextBootstrapper]
19:00:59.579 [Test worker] INFO org.springframework.boot.test.context.SpringBootTestContextBootstrapper - Neither @ContextConfiguration nor @ContextHierarchy found for test class [com.github.francoisdorval.asteroidapi.component.ComponentTest], using SpringBootContextLoader
19:00:59.589 [Test worker] DEBUG org.springframework.test.context.support.AbstractContextLoader - Did not detect default resource location for test class [com.github.francoisdorval.asteroidapi.component.ComponentTest]: class path resource [com/github/francoisdorval/asteroidapi/component/ComponentTest-context.xml] does not exist
19:00:59.590 [Test worker] DEBUG org.springframework.test.context.support.AbstractContextLoader - Did not detect default resource location for test class [com.github.francoisdorval.asteroidapi.component.ComponentTest]: class path resource [com/github/francoisdorval/asteroidapi/component/ComponentTestContext.groovy] does not exist
19:00:59.590 [Test worker] INFO org.springframework.test.context.support.AbstractContextLoader - Could not detect default resource locations for test class [com.github.francoisdorval.asteroidapi.component.ComponentTest]: no resource found for suffixes {-context.xml, Context.groovy}.
19:00:59.592 [Test worker] INFO org.springframework.test.context.support.AnnotationConfigContextLoaderUtils - Could not detect default configuration classes for test class [com.github.francoisdorval.asteroidapi.component.ComponentTest]: ComponentTest does not declare any static, non-private, non-final, nested classes annotated with @Configuration.
19:00:59.792 [Test worker] DEBUG org.springframework.context.annotation.ClassPathScanningCandidateComponentProvider - Identified candidate component class: file [F:\Documents\CoursM1\Cours\integration_continue\asteroid-api\build\classes\java\main\com\github\francoisdorval\asteroidapi\AsteroidApiApplication.class]
19:00:59.794 [Test worker] INFO org.springframework.boot.test.context.SpringBootTestContextBootstrapper - Found @SpringBootConfiguration com.github.francoisdorval.asteroidapi.AsteroidApiApplication for test class com.github.francoisdorval.asteroidapi.component.ComponentTest
19:01:00.011 [Test worker] DEBUG org.springframework.boot.test.context.SpringBootTestContextBootstrapper - @TestExecutionListeners is not present for class [com.github.francoisdorval.asteroidapi.component.ComponentTest]: using defaults.
19:01:00.011 [Test worker] INFO org.springframework.boot.test.context.SpringBootTestContextBootstrapper - Loaded default TestExecutionListener class names from location [META-INF/spring.factories]: [org.springframework.boot.test.autoconfigure.restdocs.RestDocsTestExecutionListener, org.springframework.boot.test.autoconfigure.web.client.MockRestServiceServerResetTestExecutionListener, org.springframework.boot.test.autoconfigure.web.servlet.MockMvcPrintOnlyOnFailureTestExecutionListener, org.springframework.boot.test.autoconfigure.web.servlet.WebDriverTestExecutionListener, org.springframework.boot.test.autoconfigure.webservices.client.MockWebServiceServerTestExecutionListener, org.springframework.boot.test.mock.mockito.MockitoTestExecutionListener, org.springframework.boot.test.mock.mockito.ResetMocksTestExecutionListener, org.springframework.test.context.web.ServletTestExecutionListener, org.springframework.test.context.support.DirtiesContextBeforeModesTestExecutionListener, org.springframework.test.context.event.ApplicationEventsTestExecutionListener, org.springframework.test.context.support.DependencyInjectionTestExecutionListener, org.springframework.test.context.support.DirtiesContextTestExecutionListener, org.springframework.test.context.transaction.TransactionalTestExecutionListener, org.springframework.test.context.jdbc.SqlScriptsTestExecutionListener, org.springframework.test.context.event.EventPublishingTestExecutionListener]
19:01:00.037 [Test worker] DEBUG org.springframework.boot.test.context.SpringBootTestContextBootstrapper - Skipping candidate TestExecutionListener [org.springframework.test.context.transaction.TransactionalTestExecutionListener] due to a missing dependency. Specify custom listener classes or make the default listener classes and their required dependencies available. Offending class: [org/springframework/transaction/interceptor/TransactionAttributeSource]
19:01:00.038 [Test worker] DEBUG org.springframework.boot.test.context.SpringBootTestContextBootstrapper - Skipping candidate TestExecutionListener [org.springframework.test.context.jdbc.SqlScriptsTestExecutionListener] due to a missing dependency. Specify custom listener classes or make the default listener classes and their required dependencies available. Offending class: [org/springframework/transaction/interceptor/TransactionAttribute]
19:01:00.038 [Test worker] INFO org.springframework.boot.test.context.SpringBootTestContextBootstrapper - Using TestExecutionListeners: [org.springframework.test.context.web.ServletTestExecutionListener@7e8f64d3, org.springframework.test.context.support.DirtiesContextBeforeModesTestExecutionListener@7a3c7a41, org.springframework.test.context.event.ApplicationEventsTestExecutionListener@2e32c03f, org.springframework.boot.test.mock.mockito.MockitoTestExecutionListener@134f8501, org.springframework.boot.test.autoconfigure.SpringBootDependencyInjectionTestExecutionListener@16e3d247, org.springframework.test.context.support.DirtiesContextTestExecutionListener@f144ca8, org.springframework.test.context.event.EventPublishingTestExecutionListener@371f464d, org.springframework.boot.test.autoconfigure.restdocs.RestDocsTestExecutionListener@5817aa22, org.springframework.boot.test.autoconfigure.web.client.MockRestServiceServerResetTestExecutionListener@506e3a8d, org.springframework.boot.test.autoconfigure.web.servlet.MockMvcPrintOnlyOnFailureTestExecutionListener@7db24d24, org.springframework.boot.test.autoconfigure.web.servlet.WebDriverTestExecutionListener@305251f1, org.springframework.boot.test.autoconfigure.webservices.client.MockWebServiceServerTestExecutionListener@55f1ab63, org.springframework.boot.test.mock.mockito.ResetMocksTestExecutionListener@746a5902]
19:01:00.044 [Test worker] DEBUG org.springframework.test.context.support.AbstractDirtiesContextTestExecutionListener - Before test class: context [DefaultTestContext@180bf0e9 testClass = ComponentTest, testInstance = [null], testMethod = [null], testException = [null], mergedContextConfiguration = [WebMergedContextConfiguration@b949081 testClass = ComponentTest, locations = '{}', classes = '{class com.github.francoisdorval.asteroidapi.AsteroidApiApplication}', contextInitializerClasses = '[]', activeProfiles = '{mock}', propertySourceLocations = '{}', propertySourceProperties = '{org.springframework.boot.test.context.SpringBootTestContextBootstrapper=true, server.port=0}', contextCustomizers = set[org.springframework.boot.test.autoconfigure.actuate.metrics.MetricsExportContextCustomizerFactory$DisableMetricExportContextCustomizer@6ab8bc53, org.springframework.boot.test.autoconfigure.properties.PropertyMappingContextCustomizer@0, org.springframework.boot.test.autoconfigure.web.servlet.WebDriverContextCustomizerFactory$Customizer@77d166e6, org.springframework.boot.test.context.filter.ExcludeFilterContextCustomizer@614cf11e, org.springframework.boot.test.json.DuplicateJsonObjectContextCustomizerFactory$DuplicateJsonObjectContextCustomizer@25b39d61, org.springframework.boot.test.mock.mockito.MockitoContextCustomizer@0, org.springframework.boot.test.web.client.TestRestTemplateContextCustomizer@4c623617, org.springframework.boot.test.context.SpringBootTestArgs@1, org.springframework.boot.test.context.SpringBootTestWebEnvironment@4b202e5], resourceBasePath = 'src/main/webapp', contextLoader = 'org.springframework.boot.test.context.SpringBootContextLoader', parent = [null]], attributes = map['org.springframework.test.context.web.ServletTestExecutionListener.activateListener' -> false]], class annotated with @DirtiesContext [false] with mode [null].
19:01:00.063 [Test worker] DEBUG org.springframework.test.context.support.DependencyInjectionTestExecutionListener - Performing dependency injection for test context [[DefaultTestContext@180bf0e9 testClass = ComponentTest, testInstance = com.github.francoisdorval.asteroidapi.component.ComponentTest@400f2357, testMethod = [null], testException = [null], mergedContextConfiguration = [WebMergedContextConfiguration@b949081 testClass = ComponentTest, locations = '{}', classes = '{class com.github.francoisdorval.asteroidapi.AsteroidApiApplication}', contextInitializerClasses = '[]', activeProfiles = '{mock}', propertySourceLocations = '{}', propertySourceProperties = '{org.springframework.boot.test.context.SpringBootTestContextBootstrapper=true, server.port=0}', contextCustomizers = set[org.springframework.boot.test.autoconfigure.actuate.metrics.MetricsExportContextCustomizerFactory$DisableMetricExportContextCustomizer@6ab8bc53, org.springframework.boot.test.autoconfigure.properties.PropertyMappingContextCustomizer@0, org.springframework.boot.test.autoconfigure.web.servlet.WebDriverContextCustomizerFactory$Customizer@77d166e6, org.springframework.boot.test.context.filter.ExcludeFilterContextCustomizer@614cf11e, org.springframework.boot.test.json.DuplicateJsonObjectContextCustomizerFactory$DuplicateJsonObjectContextCustomizer@25b39d61, org.springframework.boot.test.mock.mockito.MockitoContextCustomizer@0, org.springframework.boot.test.web.client.TestRestTemplateContextCustomizer@4c623617, org.springframework.boot.test.context.SpringBootTestArgs@1, org.springframework.boot.test.context.SpringBootTestWebEnvironment@4b202e5], resourceBasePath = 'src/main/webapp', contextLoader = 'org.springframework.boot.test.context.SpringBootContextLoader', parent = [null]], attributes = map['org.springframework.test.context.web.ServletTestExecutionListener.activateListener' -> false, 'org.springframework.test.context.event.ApplicationEventsTestExecutionListener.recordApplicationEvents' -> false]]].
19:01:00.105 [Test worker] DEBUG org.springframework.core.env.StandardEnvironment - Activating profiles [mock]
19:01:00.114 [Test worker] DEBUG org.springframework.test.context.support.TestPropertySourceUtils - Adding inlined properties to environment: {spring.jmx.enabled=false, org.springframework.boot.test.context.SpringBootTestContextBootstrapper=true, server.port=0}

  .   ____          _            __ _ _
 /\\ / ___'_ __ _ _(_)_ __  __ _ \ \ \ \
( ( )\___ | '_ | '_| | '_ \/ _` | \ \ \ \
 \\/  ___)| |_)| | | | | || (_| |  ) ) ) )
  '  |____| .__|_| |_|_| |_\__, | / / / /
 =========|_|==============|___/=/_/_/_/
 :: Spring Boot ::                (v2.4.2)

2021-02-25 19:01:00.611  INFO 11296 --- [    Test worker] c.g.f.a.component.ComponentTest          : Starting ComponentTest using Java 9.0.1 on MSI with PID 11296 (started by kylli in F:\Documents\CoursM1\Cours\integration_continue\asteroid-api)
2021-02-25 19:01:00.612  INFO 11296 --- [    Test worker] c.g.f.a.component.ComponentTest          : The following profiles are active: mock
2021-02-25 19:01:02.790  INFO 11296 --- [    Test worker] o.s.b.w.embedded.tomcat.TomcatWebServer  : Tomcat initialized with port(s): 0 (http)
2021-02-25 19:01:02.810  INFO 11296 --- [    Test worker] o.apache.catalina.core.StandardService   : Starting service [Tomcat]
2021-02-25 19:01:02.811  INFO 11296 --- [    Test worker] org.apache.catalina.core.StandardEngine  : Starting Servlet engine: [Apache Tomcat/9.0.41]
2021-02-25 19:01:02.985  INFO 11296 --- [    Test worker] o.a.c.c.C.[Tomcat].[localhost].[/]       : Initializing Spring embedded WebApplicationContext
2021-02-25 19:01:02.985  INFO 11296 --- [    Test worker] w.s.c.ServletWebServerApplicationContext : Root WebApplicationContext: initialization completed in 1914 ms
2021-02-25 19:01:03.532  INFO 11296 --- [    Test worker] o.s.s.concurrent.ThreadPoolTaskExecutor  : Initializing ExecutorService 'applicationTaskExecutor'
2021-02-25 19:01:03.775  INFO 11296 --- [    Test worker] o.s.b.a.w.s.WelcomePageHandlerMapping    : Adding welcome page: class path resource [static/index.html]
2021-02-25 19:01:05.060  INFO 11296 --- [    Test worker] o.s.b.w.embedded.tomcat.TomcatWebServer  : Tomcat started on port(s): 52167 (http) with context path ''
2021-02-25 19:01:05.072  INFO 11296 --- [    Test worker] c.g.f.a.component.ComponentTest          : Started ComponentTest in 4.954 seconds (JVM running for 7.486)
2021-02-25 19:01:05.712  INFO 11296 --- [o-auto-1-exec-1] o.a.c.c.C.[Tomcat].[localhost].[/]       : Initializing Spring DispatcherServlet 'dispatcherServlet'
2021-02-25 19:01:05.712  INFO 11296 --- [o-auto-1-exec-1] o.s.web.servlet.DispatcherServlet        : Initializing Servlet 'dispatcherServlet'
2021-02-25 19:01:05.713  INFO 11296 --- [o-auto-1-exec-1] o.s.web.servlet.DispatcherServlet        : Completed initialization in 1 ms
2021-02-25 19:01:05.846  INFO 11296 --- [    Test worker] c.g.f.a.component.ComponentTest          : result : [{"id":"1","name":"Asteromachin","distanceKilometers":100000.2225},{"id":"2","name":"Asterotruc","distanceKilometers":1234.01},{"id":"3","name":"ʻOumuamua","distanceKilometers":4946111.01}]
]]></system-out>
  <system-err><![CDATA[]]></system-err>
</testsuite>
