<?xml version="1.0" encoding="UTF-8"?>
<testsuite name="com.github.francoisdorval.asteroidapi.AsteroidApiApplicationTests" tests="1" skipped="0" failures="0" errors="0" timestamp="2021-02-25T18:01:07" hostname="MSI" time="0.004">
  <properties/>
  <testcase name="contextLoads()" classname="com.github.francoisdorval.asteroidapi.AsteroidApiApplicationTests" time="0.004"/>
  <system-out><![CDATA[2021-02-25 19:01:05.943  INFO 11296 --- [    Test worker] .b.t.c.SpringBootTestContextBootstrapper : Neither @ContextConfiguration nor @ContextHierarchy found for test class [com.github.francoisdorval.asteroidapi.AsteroidApiApplicationTests], using SpringBootContextLoader
2021-02-25 19:01:05.945  INFO 11296 --- [    Test worker] o.s.t.c.support.AbstractContextLoader    : Could not detect default resource locations for test class [com.github.francoisdorval.asteroidapi.AsteroidApiApplicationTests]: no resource found for suffixes {-context.xml, Context.groovy}.
2021-02-25 19:01:05.945  INFO 11296 --- [    Test worker] t.c.s.AnnotationConfigContextLoaderUtils : Could not detect default configuration classes for test class [com.github.francoisdorval.asteroidapi.AsteroidApiApplicationTests]: AsteroidApiApplicationTests does not declare any static, non-private, non-final, nested classes annotated with @Configuration.
2021-02-25 19:01:05.950  INFO 11296 --- [    Test worker] .b.t.c.SpringBootTestContextBootstrapper : Found @SpringBootConfiguration com.github.francoisdorval.asteroidapi.AsteroidApiApplication for test class com.github.francoisdorval.asteroidapi.AsteroidApiApplicationTests
2021-02-25 19:01:05.955  INFO 11296 --- [    Test worker] .b.t.c.SpringBootTestContextBootstrapper : Loaded default TestExecutionListener class names from location [META-INF/spring.factories]: [org.springframework.boot.test.autoconfigure.restdocs.RestDocsTestExecutionListener, org.springframework.boot.test.autoconfigure.web.client.MockRestServiceServerResetTestExecutionListener, org.springframework.boot.test.autoconfigure.web.servlet.MockMvcPrintOnlyOnFailureTestExecutionListener, org.springframework.boot.test.autoconfigure.web.servlet.WebDriverTestExecutionListener, org.springframework.boot.test.autoconfigure.webservices.client.MockWebServiceServerTestExecutionListener, org.springframework.boot.test.mock.mockito.MockitoTestExecutionListener, org.springframework.boot.test.mock.mockito.ResetMocksTestExecutionListener, org.springframework.test.context.web.ServletTestExecutionListener, org.springframework.test.context.support.DirtiesContextBeforeModesTestExecutionListener, org.springframework.test.context.event.ApplicationEventsTestExecutionListener, org.springframework.test.context.support.DependencyInjectionTestExecutionListener, org.springframework.test.context.support.DirtiesContextTestExecutionListener, org.springframework.test.context.transaction.TransactionalTestExecutionListener, org.springframework.test.context.jdbc.SqlScriptsTestExecutionListener, org.springframework.test.context.event.EventPublishingTestExecutionListener]
2021-02-25 19:01:05.957  INFO 11296 --- [    Test worker] .b.t.c.SpringBootTestContextBootstrapper : Using TestExecutionListeners: [org.springframework.test.context.web.ServletTestExecutionListener@64b7ec0b, org.springframework.test.context.support.DirtiesContextBeforeModesTestExecutionListener@14d46ee4, org.springframework.test.context.event.ApplicationEventsTestExecutionListener@d8a349a, org.springframework.boot.test.mock.mockito.MockitoTestExecutionListener@6bcceded, org.springframework.boot.test.autoconfigure.SpringBootDependencyInjectionTestExecutionListener@30c0832b, org.springframework.test.context.support.DirtiesContextTestExecutionListener@7547899, org.springframework.test.context.event.EventPublishingTestExecutionListener@5b26a20d, org.springframework.boot.test.autoconfigure.restdocs.RestDocsTestExecutionListener@57899f01, org.springframework.boot.test.autoconfigure.web.client.MockRestServiceServerResetTestExecutionListener@63e48700, org.springframework.boot.test.autoconfigure.web.servlet.MockMvcPrintOnlyOnFailureTestExecutionListener@4750ab55, org.springframework.boot.test.autoconfigure.web.servlet.WebDriverTestExecutionListener@29885f78, org.springframework.boot.test.autoconfigure.webservices.client.MockWebServiceServerTestExecutionListener@3262acdf, org.springframework.boot.test.mock.mockito.ResetMocksTestExecutionListener@75f9f114]

  .   ____          _            __ _ _
 /\\ / ___'_ __ _ _(_)_ __  __ _ \ \ \ \
( ( )\___ | '_ | '_| | '_ \/ _` | \ \ \ \
 \\/  ___)| |_)| | | | | || (_| |  ) ) ) )
  '  |____| .__|_| |_|_| |_\__, | / / / /
 =========|_|==============|___/=/_/_/_/
 :: Spring Boot ::                (v2.4.2)

2021-02-25 19:01:05.998  INFO 11296 --- [    Test worker] c.g.f.a.AsteroidApiApplicationTests      : Starting AsteroidApiApplicationTests using Java 9.0.1 on MSI with PID 11296 (started by kylli in F:\Documents\CoursM1\Cours\integration_continue\asteroid-api)
2021-02-25 19:01:06.001  INFO 11296 --- [    Test worker] c.g.f.a.AsteroidApiApplicationTests      : No active profile set, falling back to default profiles: default
2021-02-25 19:01:06.464  INFO 11296 --- [    Test worker] o.s.s.concurrent.ThreadPoolTaskExecutor  : Initializing ExecutorService 'applicationTaskExecutor'
2021-02-25 19:01:06.499  INFO 11296 --- [    Test worker] o.s.b.a.w.s.WelcomePageHandlerMapping    : Adding welcome page: class path resource [static/index.html]
2021-02-25 19:01:07.017  INFO 11296 --- [    Test worker] c.g.f.a.AsteroidApiApplicationTests      : Started AsteroidApiApplicationTests in 1.05 seconds (JVM running for 9.43)
]]></system-out>
  <system-err><![CDATA[]]></system-err>
</testsuite>
