<?xml version="1.0" encoding="UTF-8"?>
<testsuite name="com.github.francoisdorval.asteroidapi.unit.DateUtilTest" tests="1" skipped="0" failures="0" errors="0" timestamp="2021-02-25T19:26:09" hostname="DESKTOP-9J2SIQ2" time="0.014">
  <properties/>
  <testcase name="test_Yesterday_has_Correct_year()" classname="com.github.francoisdorval.asteroidapi.unit.DateUtilTest" time="0.014"/>
  <system-out><![CDATA[]]></system-out>
  <system-err><![CDATA[]]></system-err>
</testsuite>
