<?xml version="1.0" encoding="UTF-8"?>
<testsuite name="com.github.francoisdorval.asteroidapi.unit.NasaDaoMockTest" tests="2" skipped="0" failures="0" errors="0" timestamp="2021-02-25T19:26:11" hostname="DESKTOP-9J2SIQ2" time="0.333">
  <properties/>
  <testcase name="test_Dao_Returns_Correct_Number_Of_Objects()" classname="com.github.francoisdorval.asteroidapi.unit.NasaDaoMockTest" time="0.307"/>
  <testcase name="test_Dao_Returns_Correct_Object()" classname="com.github.francoisdorval.asteroidapi.unit.NasaDaoMockTest" time="0.025"/>
  <system-out><![CDATA[2021-02-25 20:26:09.326  INFO 21592 --- [    Test worker] .b.t.c.SpringBootTestContextBootstrapper : Neither @ContextConfiguration nor @ContextHierarchy found for test class [com.github.francoisdorval.asteroidapi.unit.NasaDaoMockTest], using SpringBootContextLoader
2021-02-25 20:26:09.327  INFO 21592 --- [    Test worker] o.s.t.c.support.AbstractContextLoader    : Could not detect default resource locations for test class [com.github.francoisdorval.asteroidapi.unit.NasaDaoMockTest]: no resource found for suffixes {-context.xml, Context.groovy}.
2021-02-25 20:26:09.328  INFO 21592 --- [    Test worker] t.c.s.AnnotationConfigContextLoaderUtils : Could not detect default configuration classes for test class [com.github.francoisdorval.asteroidapi.unit.NasaDaoMockTest]: NasaDaoMockTest does not declare any static, non-private, non-final, nested classes annotated with @Configuration.
2021-02-25 20:26:09.341  INFO 21592 --- [    Test worker] .b.t.c.SpringBootTestContextBootstrapper : Found @SpringBootConfiguration com.github.francoisdorval.asteroidapi.AsteroidApiApplication for test class com.github.francoisdorval.asteroidapi.unit.NasaDaoMockTest
2021-02-25 20:26:09.349  INFO 21592 --- [    Test worker] .b.t.c.SpringBootTestContextBootstrapper : Loaded default TestExecutionListener class names from location [META-INF/spring.factories]: [org.springframework.boot.test.autoconfigure.restdocs.RestDocsTestExecutionListener, org.springframework.boot.test.autoconfigure.web.client.MockRestServiceServerResetTestExecutionListener, org.springframework.boot.test.autoconfigure.web.servlet.MockMvcPrintOnlyOnFailureTestExecutionListener, org.springframework.boot.test.autoconfigure.web.servlet.WebDriverTestExecutionListener, org.springframework.boot.test.autoconfigure.webservices.client.MockWebServiceServerTestExecutionListener, org.springframework.boot.test.mock.mockito.MockitoTestExecutionListener, org.springframework.boot.test.mock.mockito.ResetMocksTestExecutionListener, org.springframework.test.context.web.ServletTestExecutionListener, org.springframework.test.context.support.DirtiesContextBeforeModesTestExecutionListener, org.springframework.test.context.event.ApplicationEventsTestExecutionListener, org.springframework.test.context.support.DependencyInjectionTestExecutionListener, org.springframework.test.context.support.DirtiesContextTestExecutionListener, org.springframework.test.context.transaction.TransactionalTestExecutionListener, org.springframework.test.context.jdbc.SqlScriptsTestExecutionListener, org.springframework.test.context.event.EventPublishingTestExecutionListener]
2021-02-25 20:26:09.353  INFO 21592 --- [    Test worker] .b.t.c.SpringBootTestContextBootstrapper : Using TestExecutionListeners: [org.springframework.test.context.web.ServletTestExecutionListener@629475f5, org.springframework.test.context.support.DirtiesContextBeforeModesTestExecutionListener@4323b0e9, org.springframework.test.context.event.ApplicationEventsTestExecutionListener@4c702d54, org.springframework.boot.test.mock.mockito.MockitoTestExecutionListener@5262eec8, org.springframework.boot.test.autoconfigure.SpringBootDependencyInjectionTestExecutionListener@131802ac, org.springframework.test.context.support.DirtiesContextTestExecutionListener@4de25cde, org.springframework.test.context.event.EventPublishingTestExecutionListener@35c2bb, org.springframework.boot.test.autoconfigure.restdocs.RestDocsTestExecutionListener@456468db, org.springframework.boot.test.autoconfigure.web.client.MockRestServiceServerResetTestExecutionListener@16ba1fb9, org.springframework.boot.test.autoconfigure.web.servlet.MockMvcPrintOnlyOnFailureTestExecutionListener@49e1b51c, org.springframework.boot.test.autoconfigure.web.servlet.WebDriverTestExecutionListener@67ef8681, org.springframework.boot.test.autoconfigure.webservices.client.MockWebServiceServerTestExecutionListener@12b1817, org.springframework.boot.test.mock.mockito.ResetMocksTestExecutionListener@47aa985c]

  .   ____          _            __ _ _
 /\\ / ___'_ __ _ _(_)_ __  __ _ \ \ \ \
( ( )\___ | '_ | '_| | '_ \/ _` | \ \ \ \
 \\/  ___)| |_)| | | | | || (_| |  ) ) ) )
  '  |____| .__|_| |_|_| |_\__, | / / / /
 =========|_|==============|___/=/_/_/_/
 :: Spring Boot ::                (v2.4.2)

2021-02-25 20:26:09.403  INFO 21592 --- [    Test worker] c.g.f.asteroidapi.unit.NasaDaoMockTest   : Starting NasaDaoMockTest using Java 9.0.1 on DESKTOP-9J2SIQ2 with PID 21592 (started by g-jam in C:\PEX\asteroid-api)
2021-02-25 20:26:09.405  INFO 21592 --- [    Test worker] c.g.f.asteroidapi.unit.NasaDaoMockTest   : No active profile set, falling back to default profiles: default
2021-02-25 20:26:11.117  INFO 21592 --- [    Test worker] o.s.s.concurrent.ThreadPoolTaskExecutor  : Initializing ExecutorService 'applicationTaskExecutor'
2021-02-25 20:26:11.168  INFO 21592 --- [    Test worker] o.s.b.a.w.s.WelcomePageHandlerMapping    : Adding welcome page: class path resource [static/index.html]
2021-02-25 20:26:11.960  INFO 21592 --- [    Test worker] c.g.f.asteroidapi.unit.NasaDaoMockTest   : Started NasaDaoMockTest in 2.603 seconds (JVM running for 20.428)
]]></system-out>
  <system-err><![CDATA[]]></system-err>
</testsuite>
