<?xml version="1.0" encoding="UTF-8"?>
<testsuite name="com.github.francoisdorval.asteroidapi.unit.DateUtilTest" tests="1" skipped="0" failures="0" errors="0" timestamp="2021-04-25T13:54:33" hostname="DESKTOP-T142PHF" time="0.008">
  <properties/>
  <testcase name="test_Yesterday_has_Correct_year()" classname="com.github.francoisdorval.asteroidapi.unit.DateUtilTest" time="0.008"/>
  <system-out><![CDATA[]]></system-out>
  <system-err><![CDATA[]]></system-err>
</testsuite>
